#
# There is insufficient memory for the Java Runtime Environment to continue.
# Native memory allocation (mmap) failed to map 134217728 bytes for G1 virtual space
# Possible reasons:
#   The system is out of physical RAM or swap space
#   The process is running with CompressedOops enabled, and the Java Heap may be blocking the growth of the native heap
# Possible solutions:
#   Reduce memory load on the system
#   Increase physical memory or swap space
#   Check if swap backing store is full
#   Decrease Java heap size (-Xmx/-Xms)
#   Decrease number of Java threads
#   Decrease Java thread stack sizes (-Xss)
#   Set larger code cache with -XX:ReservedCodeCacheSize=
#   JVM is running with Unscaled Compressed Oops mode in which the Java heap is
#     placed in the first 4GB address space. The Java Heap base address is the
#     maximum limit for the native heap growth. Please use -XX:HeapBaseMinAddress
#     to set the Java Heap base and to place the Java Heap above 4GB virtual address.
# This output file may be truncated or incomplete.
#
#  Out of Memory Error (os_windows.cpp:3769), pid=9280, tid=1992
#
# JRE version:  (17.0.6) (build )
# Java VM: OpenJDK 64-Bit Server VM (17.0.6+0-b2043.56-10027231, mixed mode, sharing, tiered, compressed oops, compressed class ptrs, g1 gc, windows-amd64)
# No core dump will be written. Minidumps are not enabled by default on client versions of Windows
#

---------------  S U M M A R Y ------------

Command Line: -javaagent:C:\Program Files\Android\Android Studio\lib\idea_rt.jar=50644:C:\Program Files\Android\Android Studio\bin -Dfile.encoding=UTF-8 com.example.test.InheritanceKt

Host: Intel(R) Core(TM) i5-6300U CPU @ 2.40GHz, 4 cores, 7G,  Windows 10 , 64 bit Build 19041 (10.0.19041.3570)
Time: Thu Jan 18 18:23:01 2024 Pakistan Standard Time elapsed time: 0.029066 seconds (0d 0h 0m 0s)

---------------  T H R E A D  ---------------

Current thread (0x0000021973f2b0d0):  JavaThread "Unknown thread" [_thread_in_vm, id=1992, stack(0x000000936f400000,0x000000936f500000)]

Stack: [0x000000936f400000,0x000000936f500000]
Native frames: (J=compiled Java code, j=interpreted, Vv=VM code, C=native code)
V  [jvm.dll+0x683c9a]
V  [jvm.dll+0x8427a4]
V  [jvm.dll+0x843f9e]
V  [jvm.dll+0x844603]
V  [jvm.dll+0x249b75]
V  [jvm.dll+0x680b69]
V  [jvm.dll+0x67505a]
V  [jvm.dll+0x309acb]
V  [jvm.dll+0x310f86]
V  [jvm.dll+0x3608ee]
V  [jvm.dll+0x360b1f]
V  [jvm.dll+0x2dfbf8]
V  [jvm.dll+0x2e0b64]
V  [jvm.dll+0x814091]
V  [jvm.dll+0x36e6a1]
V  [jvm.dll+0x7f35cc]
V  [jvm.dll+0x3f0e8f]
V  [jvm.dll+0x3f29d1]
C  [jli.dll+0x526b]
C  [ucrtbase.dll+0x21bb2]
C  [KERNEL32.DLL+0x17344]
C  [ntdll.dll+0x526b1]


---------------  P R O C E S S  ---------------

Threads class SMR info:
_java_thread_list=0x00007ffcef94c058, length=0, elements={
}

Java Threads: ( => current thread )

Other Threads:
  0x0000021973f84670 GCTaskThread "GC Thread#0" [stack: 0x000000936f500000,0x000000936f600000] [id=12112]
  0x0000021973f958e0 ConcurrentGCThread "G1 Main Marker" [stack: 0x000000936f600000,0x000000936f700000] [id=12032]
  0x0000021973f96200 ConcurrentGCThread "G1 Conc#0" [stack: 0x000000936f700000,0x000000936f800000] [id=744]

[error occurred during error reporting (printing all threads), id 0xc0000005, EXCEPTION_ACCESS_VIOLATION (0xc0000005) at pc=0x00007ffcef100797]

VM state: not at safepoint (not fully initialized)

VM Mutex/Monitor currently owned by a thread:  ([mutex/lock_event])
[0x0000021973f26c90] Heap_lock - owner thread: 0x0000021973f2b0d0

Heap address: 0x0000000081c00000, size: 2020 MB, Compressed Oops mode: 32-bit

CDS archive(s) mapped at: [0x0000000000000000-0x0000000000000000-0x0000000000000000), size 0, SharedBaseAddress: 0x0000000800000000, ArchiveRelocationMode: 0.
Narrow klass base: 0x0000000000000000, Narrow klass shift: 0, Narrow klass range: 0x0

GC Precious Log:
<Empty>

Heap:
 garbage-first heap   total 0K, used 0K [0x0000000081c00000, 0x0000000100000000)
  region size 1024K, 0 young (0K), 0 survivors (0K)

[error occurred during error reporting (printing heap information), id 0xc0000005, EXCEPTION_ACCESS_VIOLATION (0xc0000005) at pc=0x00007ffcef4eda89]

GC Heap History (0 events):
No events

Dll operation events (1 events):
Event: 0.018 Loaded shared library C:\Program Files\Android\Android Studio\jbr\bin\java.dll

Deoptimization events (0 events):
No events

Classes unloaded (0 events):
No events

Classes redefined (0 events):
No events

Internal exceptions (0 events):
No events

VM Operations (0 events):
No events

Events (0 events):
No events


Dynamic libraries:
0x00007ff63fb80000 - 0x00007ff63fb8a000 	C:\Program Files\Android\Android Studio\jbr\bin\java.exe
0x00007ffd687b0000 - 0x00007ffd689a7000 	C:\Windows\SYSTEM32\ntdll.dll
0x00007ffd66e70000 - 0x00007ffd66f2d000 	C:\Windows\System32\KERNEL32.DLL
0x00007ffd661e0000 - 0x00007ffd664d6000 	C:\Windows\System32\KERNELBASE.dll
0x00007ffd666e0000 - 0x00007ffd667e0000 	C:\Windows\System32\ucrtbase.dll
0x00007ffd41aa0000 - 0x00007ffd41abb000 	C:\Program Files\Android\Android Studio\jbr\bin\VCRUNTIME140.dll
0x00007ffd4f940000 - 0x00007ffd4f957000 	C:\Program Files\Android\Android Studio\jbr\bin\jli.dll
0x00007ffd680a0000 - 0x00007ffd6823e000 	C:\Windows\System32\USER32.dll
0x00007ffd65ff0000 - 0x00007ffd66012000 	C:\Windows\System32\win32u.dll
0x00007ffd4d9e0000 - 0x00007ffd4dc7a000 	C:\Windows\WinSxS\amd64_microsoft.windows.common-controls_6595b64144ccf1df_6.0.19041.3570_none_60bb2a3971f3e41a\COMCTL32.dll
0x00007ffd66fd0000 - 0x00007ffd66ffc000 	C:\Windows\System32\GDI32.dll
0x00007ffd67220000 - 0x00007ffd672be000 	C:\Windows\System32\msvcrt.dll
0x00007ffd660c0000 - 0x00007ffd661da000 	C:\Windows\System32\gdi32full.dll
0x00007ffd66020000 - 0x00007ffd660bd000 	C:\Windows\System32\msvcp_win.dll
0x00007ffd67190000 - 0x00007ffd671c0000 	C:\Windows\System32\IMM32.DLL
0x00007ffd47a50000 - 0x00007ffd47a5c000 	C:\Program Files\Android\Android Studio\jbr\bin\vcruntime140_1.dll
0x00007ffd402b0000 - 0x00007ffd4033d000 	C:\Program Files\Android\Android Studio\jbr\bin\msvcp140.dll
0x00007ffceee10000 - 0x00007ffcefa7e000 	C:\Program Files\Android\Android Studio\jbr\bin\server\jvm.dll
0x00007ffd67590000 - 0x00007ffd6763e000 	C:\Windows\System32\ADVAPI32.dll
0x00007ffd66f30000 - 0x00007ffd66fcc000 	C:\Windows\System32\sechost.dll
0x00007ffd67f50000 - 0x00007ffd68076000 	C:\Windows\System32\RPCRT4.dll
0x00007ffd47320000 - 0x00007ffd47329000 	C:\Windows\SYSTEM32\WSOCK32.dll
0x00007ffd67db0000 - 0x00007ffd67e1b000 	C:\Windows\System32\WS2_32.dll
0x00007ffd42030000 - 0x00007ffd42057000 	C:\Windows\SYSTEM32\WINMM.dll
0x00007ffd603d0000 - 0x00007ffd603da000 	C:\Windows\SYSTEM32\VERSION.dll
0x00007ffd63cf0000 - 0x00007ffd63d02000 	C:\Windows\SYSTEM32\kernel.appcore.dll
0x00007ffd61910000 - 0x00007ffd6191a000 	C:\Program Files\Android\Android Studio\jbr\bin\jimage.dll
0x00007ffd58570000 - 0x00007ffd58754000 	C:\Windows\SYSTEM32\DBGHELP.DLL
0x00007ffd49020000 - 0x00007ffd49054000 	C:\Windows\SYSTEM32\dbgcore.DLL
0x00007ffd66590000 - 0x00007ffd66612000 	C:\Windows\System32\bcryptPrimitives.dll
0x00007ffd4f960000 - 0x00007ffd4f96e000 	C:\Program Files\Android\Android Studio\jbr\bin\instrument.dll
0x00007ffd61860000 - 0x00007ffd61885000 	C:\Program Files\Android\Android Studio\jbr\bin\java.dll

dbghelp: loaded successfully - version: 4.0.5 - missing functions: none
symbol engine: initialized successfully - sym options: 0x614 - pdb path: .;C:\Program Files\Android\Android Studio\jbr\bin;C:\Windows\SYSTEM32;C:\Windows\WinSxS\amd64_microsoft.windows.common-controls_6595b64144ccf1df_6.0.19041.3570_none_60bb2a3971f3e41a;C:\Program Files\Android\Android Studio\jbr\bin\server

VM Arguments:
jvm_args: -javaagent:C:\Program Files\Android\Android Studio\lib\idea_rt.jar=50644:C:\Program Files\Android\Android Studio\bin -Dfile.encoding=UTF-8 
java_command: com.example.test.InheritanceKt
java_class_path (initial): C:\Users\hp\AndroidStudioProjects\MyApplication\Test\build\classes\kotlin\main;C:\Users\hp\.gradle\caches\modules-2\files-2.1\org.jetbrains.kotlin\kotlin-stdlib-jdk8\1.9.0\e000bd084353d84c9e888f6fb341dc1f5b79d948\kotlin-stdlib-jdk8-1.9.0.jar;C:\Users\hp\.gradle\caches\modules-2\files-2.1\org.jetbrains.kotlin\kotlin-stdlib-jdk7\1.9.0\f320478990d05e0cfaadd74f9619fd6027adbf37\kotlin-stdlib-jdk7-1.9.0.jar;C:\Users\hp\.gradle\caches\modules-2\files-2.1\org.jetbrains.kotlin\kotlin-stdlib\1.9.0\8ee15ef0c67dc83d874f412d84378d7f0eb50b63\kotlin-stdlib-1.9.0.jar;C:\Users\hp\.gradle\caches\modules-2\files-2.1\org.jetbrains.kotlin\kotlin-stdlib-common\1.9.0\cd65c21cfd1eec4d44ef09f9f52b6d9f8a720636\kotlin-stdlib-common-1.9.0.jar;C:\Users\hp\.gradle\caches\modules-2\files-2.1\org.jetbrains\annotations\13.0\919f0dfe192fb4e063e7dacadee7f8bb9a2672a9\annotations-13.0.jar
Launcher Type: SUN_STANDARD

[Global flags]
     intx CICompilerCount                          = 3                                         {product} {ergonomic}
     uint ConcGCThreads                            = 1                                         {product} {ergonomic}
     uint G1ConcRefinementThreads                  = 4                                         {product} {ergonomic}
   size_t G1HeapRegionSize                         = 1048576                                   {product} {ergonomic}
    uintx GCDrainStackTargetSize                   = 64                                        {product} {ergonomic}
   size_t InitialHeapSize                          = 134217728                                 {product} {ergonomic}
   size_t MarkStackSize                            = 4194304                                   {product} {ergonomic}
   size_t MaxHeapSize                              = 2118123520                                {product} {ergonomic}
   size_t MinHeapDeltaBytes                        = 1048576                                   {product} {ergonomic}
   size_t MinHeapSize                              = 8388608                                   {product} {ergonomic}
    uintx NonNMethodCodeHeapSize                   = 5832780                                {pd product} {ergonomic}
    uintx NonProfiledCodeHeapSize                  = 122912730                              {pd product} {ergonomic}
    uintx ProfiledCodeHeapSize                     = 122912730                              {pd product} {ergonomic}
    uintx ReservedCodeCacheSize                    = 251658240                              {pd product} {ergonomic}
     bool SegmentedCodeCache                       = true                                      {product} {ergonomic}
   size_t SoftMaxHeapSize                          = 2118123520                             {manageable} {ergonomic}
     bool UseCompressedClassPointers               = true                           {product lp64_product} {ergonomic}
     bool UseCompressedOops                        = true                           {product lp64_product} {ergonomic}
     bool UseG1GC                                  = true                                      {product} {ergonomic}
     bool UseLargePagesIndividualAllocation        = false                                  {pd product} {ergonomic}

Logging:
Log output configuration:
 #0: stdout all=warning uptime,level,tags
 #1: stderr all=off uptime,level,tags

Environment Variables:
JAVA_HOME=C:\Program Files\Java\jdk-17\bin
PATH=C:\Program Files\Common Files\Oracle\Java\javapath;C:\Program Files\Microsoft\jdk-11.0.18.10-hotspot\bin;C:\Python311\Scripts\;C:\Python311\;C:\Windows\system32;C:\Windows;C:\Windows\System32\Wbem;C:\Windows\System32\WindowsPowerShell\v1.0\;C:\Windows\System32\OpenSSH\;C:\MinGW\bin;C:\Program Files\nodejs\;C:\Program Files\Git\cmd;C:\Program Files\Java\jdk-20\bin;C:\Users\hp\AppData\Local\Microsoft\WindowsApps;C:\Users\hp\AppData\Local\Programs\Microsoft VS Code\bin;C:\Users\hp\AppData\Roaming\npm;C:\Users\hp\AppData\Local\Android\Sdk\platform-tools;;C:\Program Files\JetBrains\IntelliJ IDEA 2023.2.5\bin;
USERNAME=hp
OS=Windows_NT
PROCESSOR_IDENTIFIER=Intel64 Family 6 Model 78 Stepping 3, GenuineIntel
TMP=C:\Users\hp\AppData\Local\Temp
TEMP=C:\Users\hp\AppData\Local\Temp


JNI global refs:

[error occurred during error reporting (JNI global references), id 0xc0000005, EXCEPTION_ACCESS_VIOLATION (0xc0000005) at pc=0x00007ffceeec7a10]


---------------  S Y S T E M  ---------------

OS:
 Windows 10 , 64 bit Build 19041 (10.0.19041.3570)
OS uptime: 0 days 1:47 hours
Hyper-V role detected

CPU: total 4 (initial active 4) (2 cores per cpu, 2 threads per core) family 6 model 78 stepping 3 microcode 0xf0, cx8, cmov, fxsr, ht, mmx, 3dnowpref, sse, sse2, sse3, ssse3, sse4.1, sse4.2, popcnt, lzcnt, tsc, tscinvbit, avx, avx2, aes, erms, clmul, bmi1, bmi2, rtm, adx, fma, vzeroupper, clflush, clflushopt, hv

Memory: 4k page, system-wide physical 8072M (771M free)
TotalPageFile size 8072M (AvailPageFile size 63M)
current process WorkingSet (physical memory assigned to process): 10M, peak: 10M
current process commit charge ("private bytes"): 51M, peak: 179M

vm_info: OpenJDK 64-Bit Server VM (17.0.6+0-b2043.56-10027231) for windows-amd64 JRE (17.0.6+0-b2043.56-10027231), built on Apr 28 2023 00:43:19 by "androidbuild" with MS VC++ 16.10 / 16.11 (VS2019)

END.
